[24-Feb-2026 07:52:19 Europe/Berlin] PHP Notice:  session_start(): Ignoring session_start() because a session is already active in C:\xampp\htdocs\estate_incident_system\public\views\admin\dashboard.php on line 4
[24-Feb-2026 08:09:05 Europe/Berlin] PHP Fatal error:  Uncaught PDOException: SQLSTATE[42S22]: Column not found: 1054 Unknown column 'location' in 'field list' in C:\xampp\htdocs\estate_incident_system\public\views\residents\report_action.php:48
Stack trace:
#0 C:\xampp\htdocs\estate_incident_system\public\views\residents\report_action.php(48): PDOStatement->execute(Array)
#1 C:\xampp\htdocs\estate_incident_system\public\index.php(53): include('C:\\xampp\\htdocs...')
#2 {main}
  thrown in C:\xampp\htdocs\estate_incident_system\public\views\residents\report_action.php on line 48
[24-Feb-2026 08:11:44 Europe/Berlin] PHP Notice:  session_start(): Ignoring session_start() because a session is already active in C:\xampp\htdocs\estate_incident_system\public\views\admin\dashboard.php on line 4
[24-Feb-2026 08:16:22 Europe/Berlin] PHP Notice:  session_start(): Ignoring session_start() because a session is already active in C:\xampp\htdocs\estate_incident_system\public\views\admin\dashboard.php on line 4
[24-Feb-2026 08:22:55 Europe/Berlin] PHP Notice:  session_start(): Ignoring session_start() because a session is already active in C:\xampp\htdocs\estate_incident_system\public\views\admin\dashboard.php on line 4
[24-Feb-2026 08:25:18 Europe/Berlin] PHP Notice:  session_start(): Ignoring session_start() because a session is already active in C:\xampp\htdocs\estate_incident_system\public\views\admin\dashboard.php on line 4
[24-Feb-2026 08:26:08 Europe/Berlin] PHP Notice:  session_start(): Ignoring session_start() because a session is already active in C:\xampp\htdocs\estate_incident_system\public\views\admin\contractors.php on line 4
[24-Feb-2026 08:26:13 Europe/Berlin] PHP Notice:  session_start(): Ignoring session_start() because a session is already active in C:\xampp\htdocs\estate_incident_system\public\views\admin\analytics.php on line 4
[24-Feb-2026 08:26:18 Europe/Berlin] PHP Notice:  session_start(): Ignoring session_start() because a session is already active in C:\xampp\htdocs\estate_incident_system\public\views\admin\manage_users.php on line 4
[24-Feb-2026 08:26:24 Europe/Berlin] PHP Notice:  session_start(): Ignoring session_start() because a session is already active in C:\xampp\htdocs\estate_incident_system\public\views\admin\manage_users.php on line 4
[24-Feb-2026 08:26:26 Europe/Berlin] PHP Notice:  session_start(): Ignoring session_start() because a session is already active in C:\xampp\htdocs\estate_incident_system\public\views\admin\dashboard.php on line 4
[24-Feb-2026 08:28:00 Europe/Berlin] PHP Notice:  session_start(): Ignoring session_start() because a session is already active in C:\xampp\htdocs\estate_incident_system\public\views\admin\dashboard.php on line 4
[24-Feb-2026 08:30:27 Europe/Berlin] PHP Notice:  session_start(): Ignoring session_start() because a session is already active in C:\xampp\htdocs\estate_incident_system\public\views\admin\dashboard.php on line 4
[24-Feb-2026 08:30:31 Europe/Berlin] PHP Notice:  session_start(): Ignoring session_start() because a session is already active in C:\xampp\htdocs\estate_incident_system\public\views\admin\analytics.php on line 4
[24-Feb-2026 08:30:36 Europe/Berlin] PHP Notice:  session_start(): Ignoring session_start() because a session is already active in C:\xampp\htdocs\estate_incident_system\public\views\admin\dashboard.php on line 4
[24-Feb-2026 08:34:19 Europe/Berlin] PHP Notice:  session_start(): Ignoring session_start() because a session is already active in C:\xampp\htdocs\estate_incident_system\public\views\admin\dashboard.php on line 4
[24-Feb-2026 08:38:51 Europe/Berlin] PHP Notice:  session_start(): Ignoring session_start() because a session is already active in C:\xampp\htdocs\estate_incident_system\public\views\admin\dashboard.php on line 4
[24-Feb-2026 08:40:19 Europe/Berlin] PHP Notice:  session_start(): Ignoring session_start() because a session is already active in C:\xampp\htdocs\estate_incident_system\public\views\admin\dashboard.php on line 4
[24-Feb-2026 09:08:44 Europe/Berlin] PHP Warning:  require(C:\xampp\htdocs/vendor/autoload.php): Failed to open stream: No such file or directory in C:\xampp\htdocs\estate_incident_system\actions\resend_alert_action.php on line 11
[24-Feb-2026 09:08:44 Europe/Berlin] PHP Fatal error:  Uncaught Error: Failed opening required 'C:\xampp\htdocs/vendor/autoload.php' (include_path='C:\xampp\php\PEAR') in C:\xampp\htdocs\estate_incident_system\actions\resend_alert_action.php:11
Stack trace:
#0 C:\xampp\htdocs\estate_incident_system\public\index.php(57): require()
#1 {main}
  thrown in C:\xampp\htdocs\estate_incident_system\actions\resend_alert_action.php on line 11
[24-Feb-2026 09:08:50 Europe/Berlin] PHP Warning:  require(C:\xampp\htdocs/vendor/autoload.php): Failed to open stream: No such file or directory in C:\xampp\htdocs\estate_incident_system\actions\resend_alert_action.php on line 11
[24-Feb-2026 09:08:50 Europe/Berlin] PHP Fatal error:  Uncaught Error: Failed opening required 'C:\xampp\htdocs/vendor/autoload.php' (include_path='C:\xampp\php\PEAR') in C:\xampp\htdocs\estate_incident_system\actions\resend_alert_action.php:11
Stack trace:
#0 C:\xampp\htdocs\estate_incident_system\public\index.php(57): require()
#1 {main}
  thrown in C:\xampp\htdocs\estate_incident_system\actions\resend_alert_action.php on line 11
[24-Feb-2026 09:11:02 Europe/Berlin] PHP Warning:  require(C:\xampp\htdocs/vendor/autoload.php): Failed to open stream: No such file or directory in C:\xampp\htdocs\estate_incident_system\actions\resend_alert_action.php on line 14
[24-Feb-2026 09:11:02 Europe/Berlin] PHP Fatal error:  Uncaught Error: Failed opening required 'C:\xampp\htdocs/vendor/autoload.php' (include_path='C:\xampp\php\PEAR') in C:\xampp\htdocs\estate_incident_system\actions\resend_alert_action.php:14
Stack trace:
#0 C:\xampp\htdocs\estate_incident_system\public\index.php(57): require()
#1 {main}
  thrown in C:\xampp\htdocs\estate_incident_system\actions\resend_alert_action.php on line 14
[24-Feb-2026 09:18:27 Europe/Berlin] PHP Warning:  Undefined array key "name" in C:\xampp\htdocs\estate_incident_system\actions\resend_alert_action.php on line 41
[24-Feb-2026 09:18:30 Europe/Berlin] PHP Fatal error:  Uncaught PDOException: SQLSTATE[42S22]: Column not found: 1054 Unknown column 'complaint_id' in 'field list' in C:\xampp\htdocs\estate_incident_system\actions\resend_alert_action.php:77
Stack trace:
#0 C:\xampp\htdocs\estate_incident_system\actions\resend_alert_action.php(77): PDOStatement->execute(Array)
#1 C:\xampp\htdocs\estate_incident_system\public\index.php(57): require('C:\\xampp\\htdocs...')
#2 {main}
  thrown in C:\xampp\htdocs\estate_incident_system\actions\resend_alert_action.php on line 77
[24-Feb-2026 09:18:38 Europe/Berlin] PHP Warning:  Undefined array key "name" in C:\xampp\htdocs\estate_incident_system\actions\resend_alert_action.php on line 41
[24-Feb-2026 09:18:42 Europe/Berlin] PHP Fatal error:  Uncaught PDOException: SQLSTATE[42S22]: Column not found: 1054 Unknown column 'complaint_id' in 'field list' in C:\xampp\htdocs\estate_incident_system\actions\resend_alert_action.php:77
Stack trace:
#0 C:\xampp\htdocs\estate_incident_system\actions\resend_alert_action.php(77): PDOStatement->execute(Array)
#1 C:\xampp\htdocs\estate_incident_system\public\index.php(57): require('C:\\xampp\\htdocs...')
#2 {main}
  thrown in C:\xampp\htdocs\estate_incident_system\actions\resend_alert_action.php on line 77
[24-Feb-2026 09:21:35 Europe/Berlin] PHP Warning:  Undefined array key "name" in C:\xampp\htdocs\estate_incident_system\action\resend_alert_action.php on line 41
[24-Feb-2026 09:21:40 Europe/Berlin] PHP Fatal error:  Uncaught PDOException: SQLSTATE[42S22]: Column not found: 1054 Unknown column 'complaint_id' in 'field list' in C:\xampp\htdocs\estate_incident_system\action\resend_alert_action.php:77
Stack trace:
#0 C:\xampp\htdocs\estate_incident_system\action\resend_alert_action.php(77): PDOStatement->execute(Array)
#1 C:\xampp\htdocs\estate_incident_system\public\index.php(57): require('C:\\xampp\\htdocs...')
#2 {main}
  thrown in C:\xampp\htdocs\estate_incident_system\action\resend_alert_action.php on line 77
[24-Feb-2026 09:32:54 Europe/Berlin] PHP Warning:  Undefined array key "name" in C:\xampp\htdocs\estate_incident_system\action\resend_alert_action.php on line 39
[24-Feb-2026 09:36:37 Europe/Berlin] PHP Warning:  Undefined array key "name" in C:\xampp\htdocs\estate_incident_system\action\resend_alert_action.php on line 39
[24-Feb-2026 09:36:40 Europe/Berlin] PHP Fatal error:  Uncaught PDOException: SQLSTATE[42S22]: Column not found: 1054 Unknown column 'complaint_id' in 'field list' in C:\xampp\htdocs\estate_incident_system\action\resend_alert_action.php:70
Stack trace:
#0 C:\xampp\htdocs\estate_incident_system\action\resend_alert_action.php(70): PDOStatement->execute(Array)
#1 C:\xampp\htdocs\estate_incident_system\public\index.php(57): require('C:\\xampp\\htdocs...')
#2 {main}
  thrown in C:\xampp\htdocs\estate_incident_system\action\resend_alert_action.php on line 70
[24-Feb-2026 09:36:57 Europe/Berlin] PHP Warning:  Undefined array key "name" in C:\xampp\htdocs\estate_incident_system\action\resend_alert_action.php on line 39
[24-Feb-2026 09:55:15 Europe/Berlin] PHP Warning:  Undefined array key "name" in C:\xampp\htdocs\estate_incident_system\action\resend_alert_action.php on line 39
[24-Feb-2026 09:55:19 Europe/Berlin] PHP Fatal error:  Uncaught PDOException: SQLSTATE[42S22]: Column not found: 1054 Unknown column 'complaint_id' in 'field list' in C:\xampp\htdocs\estate_incident_system\action\resend_alert_action.php:70
Stack trace:
#0 C:\xampp\htdocs\estate_incident_system\action\resend_alert_action.php(70): PDOStatement->execute(Array)
#1 C:\xampp\htdocs\estate_incident_system\public\index.php(57): require('C:\\xampp\\htdocs...')
#2 {main}
  thrown in C:\xampp\htdocs\estate_incident_system\action\resend_alert_action.php on line 70
[24-Feb-2026 09:55:40 Europe/Berlin] PHP Warning:  Undefined array key "name" in C:\xampp\htdocs\estate_incident_system\action\resend_alert_action.php on line 39
[24-Feb-2026 09:55:44 Europe/Berlin] PHP Fatal error:  Uncaught PDOException: SQLSTATE[42S22]: Column not found: 1054 Unknown column 'complaint_id' in 'field list' in C:\xampp\htdocs\estate_incident_system\action\resend_alert_action.php:70
Stack trace:
#0 C:\xampp\htdocs\estate_incident_system\action\resend_alert_action.php(70): PDOStatement->execute(Array)
#1 C:\xampp\htdocs\estate_incident_system\public\index.php(57): require('C:\\xampp\\htdocs...')
#2 {main}
  thrown in C:\xampp\htdocs\estate_incident_system\action\resend_alert_action.php on line 70
[24-Feb-2026 10:01:15 Europe/Berlin] PHP Warning:  Undefined array key "name" in C:\xampp\htdocs\estate_incident_system\action\resend_alert_action.php on line 43
[24-Feb-2026 10:01:19 Europe/Berlin] PHP Fatal error:  Uncaught PDOException: SQLSTATE[42S22]: Column not found: 1054 Unknown column 'complaint_id' in 'field list' in C:\xampp\htdocs\estate_incident_system\action\resend_alert_action.php:79
Stack trace:
#0 C:\xampp\htdocs\estate_incident_system\action\resend_alert_action.php(79): PDOStatement->execute(Array)
#1 C:\xampp\htdocs\estate_incident_system\public\index.php(57): require('C:\\xampp\\htdocs...')
#2 {main}
  thrown in C:\xampp\htdocs\estate_incident_system\action\resend_alert_action.php on line 79
[24-Feb-2026 10:01:58 Europe/Berlin] PHP Warning:  Undefined array key "name" in C:\xampp\htdocs\estate_incident_system\action\resend_alert_action.php on line 43
[24-Feb-2026 10:02:02 Europe/Berlin] PHP Fatal error:  Uncaught PDOException: SQLSTATE[42S22]: Column not found: 1054 Unknown column 'complaint_id' in 'field list' in C:\xampp\htdocs\estate_incident_system\action\resend_alert_action.php:79
Stack trace:
#0 C:\xampp\htdocs\estate_incident_system\action\resend_alert_action.php(79): PDOStatement->execute(Array)
#1 C:\xampp\htdocs\estate_incident_system\public\index.php(57): require('C:\\xampp\\htdocs...')
#2 {main}
  thrown in C:\xampp\htdocs\estate_incident_system\action\resend_alert_action.php on line 79
[24-Feb-2026 10:03:23 Europe/Berlin] PHP Warning:  Undefined array key "name" in C:\xampp\htdocs\estate_incident_system\action\resend_alert_action.php on line 43
[24-Feb-2026 10:03:27 Europe/Berlin] PHP Fatal error:  Uncaught PDOException: SQLSTATE[42S22]: Column not found: 1054 Unknown column 'complaint_id' in 'field list' in C:\xampp\htdocs\estate_incident_system\action\resend_alert_action.php:79
Stack trace:
#0 C:\xampp\htdocs\estate_incident_system\action\resend_alert_action.php(79): PDOStatement->execute(Array)
#1 C:\xampp\htdocs\estate_incident_system\public\index.php(57): require('C:\\xampp\\htdocs...')
#2 {main}
  thrown in C:\xampp\htdocs\estate_incident_system\action\resend_alert_action.php on line 79
[24-Feb-2026 10:13:20 Europe/Berlin] PHP Warning:  Undefined array key "name" in C:\xampp\htdocs\estate_incident_system\action\resend_alert_action.php on line 39
[24-Feb-2026 10:13:24 Europe/Berlin] PHP Fatal error:  Uncaught PDOException: SQLSTATE[42S22]: Column not found: 1054 Unknown column 'complaint_id' in 'field list' in C:\xampp\htdocs\estate_incident_system\action\resend_alert_action.php:72
Stack trace:
#0 C:\xampp\htdocs\estate_incident_system\action\resend_alert_action.php(72): PDOStatement->execute(Array)
#1 C:\xampp\htdocs\estate_incident_system\public\index.php(57): require('C:\\xampp\\htdocs...')
#2 {main}
  thrown in C:\xampp\htdocs\estate_incident_system\action\resend_alert_action.php on line 72
[24-Feb-2026 10:16:22 Europe/Berlin] PHP Warning:  Undefined array key "name" in C:\xampp\htdocs\estate_incident_system\action\resend_alert_action.php on line 39
[24-Feb-2026 10:16:26 Europe/Berlin] PHP Fatal error:  Uncaught PDOException: SQLSTATE[42S22]: Column not found: 1054 Unknown column 'complaint_id' in 'field list' in C:\xampp\htdocs\estate_incident_system\action\resend_alert_action.php:72
Stack trace:
#0 C:\xampp\htdocs\estate_incident_system\action\resend_alert_action.php(72): PDOStatement->execute(Array)
#1 C:\xampp\htdocs\estate_incident_system\public\index.php(57): require('C:\\xampp\\htdocs...')
#2 {main}
  thrown in C:\xampp\htdocs\estate_incident_system\action\resend_alert_action.php on line 72
[24-Feb-2026 10:16:31 Europe/Berlin] PHP Warning:  Undefined array key "name" in C:\xampp\htdocs\estate_incident_system\action\resend_alert_action.php on line 39
[24-Feb-2026 10:16:37 Europe/Berlin] PHP Fatal error:  Uncaught PDOException: SQLSTATE[42S22]: Column not found: 1054 Unknown column 'complaint_id' in 'field list' in C:\xampp\htdocs\estate_incident_system\action\resend_alert_action.php:72
Stack trace:
#0 C:\xampp\htdocs\estate_incident_system\action\resend_alert_action.php(72): PDOStatement->execute(Array)
#1 C:\xampp\htdocs\estate_incident_system\public\index.php(57): require('C:\\xampp\\htdocs...')
#2 {main}
  thrown in C:\xampp\htdocs\estate_incident_system\action\resend_alert_action.php on line 72
[24-Feb-2026 10:21:32 Europe/Berlin] PHP Warning:  Undefined array key "name" in C:\xampp\htdocs\estate_incident_system\action\resend_alert_action.php on line 39
[24-Feb-2026 10:21:36 Europe/Berlin] PHP Fatal error:  Uncaught PDOException: SQLSTATE[42S22]: Column not found: 1054 Unknown column 'complaint_id' in 'field list' in C:\xampp\htdocs\estate_incident_system\action\resend_alert_action.php:72
Stack trace:
#0 C:\xampp\htdocs\estate_incident_system\action\resend_alert_action.php(72): PDOStatement->execute(Array)
#1 C:\xampp\htdocs\estate_incident_system\public\index.php(57): require('C:\\xampp\\htdocs...')
#2 {main}
  thrown in C:\xampp\htdocs\estate_incident_system\action\resend_alert_action.php on line 72
[24-Feb-2026 10:25:02 Europe/Berlin] PHP Warning:  Undefined array key "name" in C:\xampp\htdocs\estate_incident_system\action\resend_alert_action.php on line 39
[24-Feb-2026 10:25:07 Europe/Berlin] PHP Fatal error:  Uncaught PDOException: SQLSTATE[42S22]: Column not found: 1054 Unknown column 'complaint_id' in 'field list' in C:\xampp\htdocs\estate_incident_system\action\resend_alert_action.php:72
Stack trace:
#0 C:\xampp\htdocs\estate_incident_system\action\resend_alert_action.php(72): PDOStatement->execute(Array)
#1 C:\xampp\htdocs\estate_incident_system\public\index.php(57): require('C:\\xampp\\htdocs...')
#2 {main}
  thrown in C:\xampp\htdocs\estate_incident_system\action\resend_alert_action.php on line 72
[24-Feb-2026 10:27:39 Europe/Berlin] PHP Warning:  Undefined array key "name" in C:\xampp\htdocs\estate_incident_system\action\resend_alert_action.php on line 39
[24-Feb-2026 10:27:43 Europe/Berlin] PHP Fatal error:  Uncaught PDOException: SQLSTATE[42S22]: Column not found: 1054 Unknown column 'complaint_id' in 'field list' in C:\xampp\htdocs\estate_incident_system\action\resend_alert_action.php:72
Stack trace:
#0 C:\xampp\htdocs\estate_incident_system\action\resend_alert_action.php(72): PDOStatement->execute(Array)
#1 C:\xampp\htdocs\estate_incident_system\public\index.php(57): require('C:\\xampp\\htdocs...')
#2 {main}
  thrown in C:\xampp\htdocs\estate_incident_system\action\resend_alert_action.php on line 72
[24-Feb-2026 10:28:34 Europe/Berlin] PHP Warning:  Undefined array key "name" in C:\xampp\htdocs\estate_incident_system\action\resend_alert_action.php on line 39
[24-Feb-2026 10:28:37 Europe/Berlin] PHP Fatal error:  Uncaught PDOException: SQLSTATE[42S22]: Column not found: 1054 Unknown column 'complaint_id' in 'field list' in C:\xampp\htdocs\estate_incident_system\action\resend_alert_action.php:72
Stack trace:
#0 C:\xampp\htdocs\estate_incident_system\action\resend_alert_action.php(72): PDOStatement->execute(Array)
#1 C:\xampp\htdocs\estate_incident_system\public\index.php(57): require('C:\\xampp\\htdocs...')
#2 {main}
  thrown in C:\xampp\htdocs\estate_incident_system\action\resend_alert_action.php on line 72
[24-Feb-2026 10:32:22 Europe/Berlin] PHP Warning:  Undefined array key "name" in C:\xampp\htdocs\estate_incident_system\action\resend_alert_action.php on line 39
[24-Feb-2026 10:32:25 Europe/Berlin] PHP Fatal error:  Uncaught PDOException: SQLSTATE[42S22]: Column not found: 1054 Unknown column 'complaint_id' in 'field list' in C:\xampp\htdocs\estate_incident_system\action\resend_alert_action.php:72
Stack trace:
#0 C:\xampp\htdocs\estate_incident_system\action\resend_alert_action.php(72): PDOStatement->execute(Array)
#1 C:\xampp\htdocs\estate_incident_system\public\index.php(57): require('C:\\xampp\\htdocs...')
#2 {main}
  thrown in C:\xampp\htdocs\estate_incident_system\action\resend_alert_action.php on line 72
[24-Feb-2026 10:35:28 Europe/Berlin] PHP Warning:  Undefined array key "name" in C:\xampp\htdocs\estate_incident_system\action\resend_alert_action.php on line 39
[24-Feb-2026 10:35:32 Europe/Berlin] PHP Fatal error:  Uncaught PDOException: SQLSTATE[42S22]: Column not found: 1054 Unknown column 'complaint_id' in 'field list' in C:\xampp\htdocs\estate_incident_system\action\resend_alert_action.php:72
Stack trace:
#0 C:\xampp\htdocs\estate_incident_system\action\resend_alert_action.php(72): PDOStatement->execute(Array)
#1 C:\xampp\htdocs\estate_incident_system\public\index.php(57): require('C:\\xampp\\htdocs...')
#2 {main}
  thrown in C:\xampp\htdocs\estate_incident_system\action\resend_alert_action.php on line 72
[24-Feb-2026 10:37:28 Europe/Berlin] PHP Warning:  Undefined array key "name" in C:\xampp\htdocs\estate_incident_system\action\resend_alert_action.php on line 39
[24-Feb-2026 10:37:32 Europe/Berlin] PHP Fatal error:  Uncaught PDOException: SQLSTATE[42S22]: Column not found: 1054 Unknown column 'complaint_id' in 'field list' in C:\xampp\htdocs\estate_incident_system\action\resend_alert_action.php:72
Stack trace:
#0 C:\xampp\htdocs\estate_incident_system\action\resend_alert_action.php(72): PDOStatement->execute(Array)
#1 C:\xampp\htdocs\estate_incident_system\public\index.php(57): require('C:\\xampp\\htdocs...')
#2 {main}
  thrown in C:\xampp\htdocs\estate_incident_system\action\resend_alert_action.php on line 72
[24-Feb-2026 10:41:10 Europe/Berlin] PHP Warning:  Undefined array key "name" in C:\xampp\htdocs\estate_incident_system\action\resend_alert_action.php on line 39
[24-Feb-2026 10:45:15 Europe/Berlin] PHP Notice:  session_start(): Ignoring session_start() because a session is already active in C:\xampp\htdocs\estate_incident_system\public\views\admin\dashboard.php on line 4
[24-Feb-2026 12:25:01 Europe/Berlin] PHP Notice:  session_start(): Ignoring session_start() because a session is already active in C:\xampp\htdocs\estate_incident_system\public\views\admin\dashboard.php on line 4
[24-Feb-2026 12:29:43 Europe/Berlin] PHP Notice:  session_start(): Ignoring session_start() because a session is already active in C:\xampp\htdocs\estate_incident_system\public\views\admin\dashboard.php on line 4
[24-Feb-2026 12:29:47 Europe/Berlin] PHP Notice:  session_start(): Ignoring session_start() because a session is already active in C:\xampp\htdocs\estate_incident_system\public\views\admin\contractors.php on line 4
[24-Feb-2026 12:29:53 Europe/Berlin] PHP Notice:  session_start(): Ignoring session_start() because a session is already active in C:\xampp\htdocs\estate_incident_system\public\views\admin\contractors.php on line 4
[24-Feb-2026 12:29:59 Europe/Berlin] PHP Notice:  session_start(): Ignoring session_start() because a session is already active in C:\xampp\htdocs\estate_incident_system\public\views\admin\contractors.php on line 4
[24-Feb-2026 12:30:03 Europe/Berlin] PHP Notice:  session_start(): Ignoring session_start() because a session is already active in C:\xampp\htdocs\estate_incident_system\public\views\admin\manage_users.php on line 4
[24-Feb-2026 12:30:06 Europe/Berlin] PHP Notice:  session_start(): Ignoring session_start() because a session is already active in C:\xampp\htdocs\estate_incident_system\public\views\admin\dashboard.php on line 4
[24-Feb-2026 12:32:49 Europe/Berlin] PHP Notice:  session_start(): Ignoring session_start() because a session is already active in C:\xampp\htdocs\estate_incident_system\public\views\admin\dashboard.php on line 4
[24-Feb-2026 12:40:04 Europe/Berlin] PHP Warning:  Undefined array key "name" in C:\xampp\htdocs\estate_incident_system\action\resend_alert_action.php on line 39
[24-Feb-2026 12:52:13 Europe/Berlin] PHP Notice:  session_start(): Ignoring session_start() because a session is already active in C:\xampp\htdocs\estate_incident_system\public\views\admin\dashboard.php on line 4
[24-Feb-2026 12:52:39 Europe/Berlin] PHP Notice:  session_start(): Ignoring session_start() because a session is already active in C:\xampp\htdocs\estate_incident_system\public\views\admin\manage_users.php on line 4
[24-Feb-2026 12:53:02 Europe/Berlin] PHP Notice:  session_start(): Ignoring session_start() because a session is already active in C:\xampp\htdocs\estate_incident_system\public\views\admin\analytics.php on line 4
[24-Feb-2026 12:53:06 Europe/Berlin] PHP Notice:  session_start(): Ignoring session_start() because a session is already active in C:\xampp\htdocs\estate_incident_system\public\views\admin\dashboard.php on line 4
[24-Feb-2026 12:53:14 Europe/Berlin] PHP Notice:  session_start(): Ignoring session_start() because a session is already active in C:\xampp\htdocs\estate_incident_system\public\views\admin\analytics.php on line 4
[24-Feb-2026 12:53:22 Europe/Berlin] PHP Notice:  session_start(): Ignoring session_start() because a session is already active in C:\xampp\htdocs\estate_incident_system\public\views\admin\contractors.php on line 4
[24-Feb-2026 13:18:31 Europe/Berlin] PHP Notice:  session_start(): Ignoring session_start() because a session is already active in C:\xampp\htdocs\estate_incident_system\public\views\admin\dashboard.php on line 4
[24-Feb-2026 13:18:39 Europe/Berlin] PHP Notice:  session_start(): Ignoring session_start() because a session is already active in C:\xampp\htdocs\estate_incident_system\public\views\admin\contractors.php on line 4
[24-Feb-2026 13:51:22 Europe/Berlin] PHP Notice:  session_start(): Ignoring session_start() because a session is already active in C:\xampp\htdocs\estate_incident_system\public\views\admin\dashboard.php on line 4
[24-Feb-2026 14:07:03 Europe/Berlin] PHP Notice:  session_start(): Ignoring session_start() because a session is already active in C:\xampp\htdocs\estate_incident_system\public\views\admin\dashboard.php on line 4
[24-Feb-2026 14:07:09 Europe/Berlin] PHP Notice:  session_start(): Ignoring session_start() because a session is already active in C:\xampp\htdocs\estate_incident_system\public\views\admin\manage_users.php on line 4
[24-Feb-2026 14:07:27 Europe/Berlin] PHP Notice:  session_start(): Ignoring session_start() because a session is already active in C:\xampp\htdocs\estate_incident_system\public\views\admin\contractors.php on line 4
[24-Feb-2026 14:07:32 Europe/Berlin] PHP Notice:  session_start(): Ignoring session_start() because a session is already active in C:\xampp\htdocs\estate_incident_system\public\views\admin\manage_users.php on line 4
[24-Feb-2026 14:07:37 Europe/Berlin] PHP Notice:  session_start(): Ignoring session_start() because a session is already active in C:\xampp\htdocs\estate_incident_system\public\views\admin\dashboard.php on line 4
[24-Feb-2026 14:07:48 Europe/Berlin] PHP Notice:  session_start(): Ignoring session_start() because a session is already active in C:\xampp\htdocs\estate_incident_system\public\views\admin\contractors.php on line 4
[24-Feb-2026 14:12:09 Europe/Berlin] PHP Notice:  session_start(): Ignoring session_start() because a session is already active in C:\xampp\htdocs\estate_incident_system\public\views\admin\dashboard.php on line 4
[24-Feb-2026 14:12:20 Europe/Berlin] PHP Notice:  session_start(): Ignoring session_start() because a session is already active in C:\xampp\htdocs\estate_incident_system\public\views\admin\manage_users.php on line 4
[25-Feb-2026 08:25:23 Europe/Berlin] PHP Notice:  session_start(): Ignoring session_start() because a session is already active in C:\xampp\htdocs\estate_incident_system\public\views\admin\dashboard.php on line 4
[25-Feb-2026 08:25:34 Europe/Berlin] PHP Notice:  session_start(): Ignoring session_start() because a session is already active in C:\xampp\htdocs\estate_incident_system\public\views\admin\contractors.php on line 4
[25-Feb-2026 08:26:12 Europe/Berlin] PHP Notice:  session_start(): Ignoring session_start() because a session is already active in C:\xampp\htdocs\estate_incident_system\public\views\admin\dashboard.php on line 4
[25-Feb-2026 17:15:17 Europe/Berlin] PHP Notice:  session_start(): Ignoring session_start() because a session is already active in C:\xampp\htdocs\estate_incident_system\public\views\admin\dashboard.php on line 4
[25-Feb-2026 17:15:32 Europe/Berlin] PHP Notice:  session_start(): Ignoring session_start() because a session is already active in C:\xampp\htdocs\estate_incident_system\public\views\admin\dashboard.php on line 4
[25-Feb-2026 17:15:47 Europe/Berlin] PHP Notice:  session_start(): Ignoring session_start() because a session is already active in C:\xampp\htdocs\estate_incident_system\public\views\admin\dashboard.php on line 4
[25-Feb-2026 17:15:57 Europe/Berlin] PHP Notice:  session_start(): Ignoring session_start() because a session is already active in C:\xampp\htdocs\estate_incident_system\public\views\admin\dashboard.php on line 4
[25-Feb-2026 17:16:01 Europe/Berlin] PHP Notice:  session_start(): Ignoring session_start() because a session is already active in C:\xampp\htdocs\estate_incident_system\public\views\admin\dashboard.php on line 4
[25-Feb-2026 17:17:14 Europe/Berlin] PHP Notice:  session_start(): Ignoring session_start() because a session is already active in C:\xampp\htdocs\estate_incident_system\public\views\admin\manage_users.php on line 4
[25-Feb-2026 17:17:20 Europe/Berlin] PHP Notice:  session_start(): Ignoring session_start() because a session is already active in C:\xampp\htdocs\estate_incident_system\public\views\admin\analytics.php on line 4
[25-Feb-2026 17:27:01 Europe/Berlin] PHP Notice:  session_start(): Ignoring session_start() because a session is already active in C:\xampp\htdocs\estate_incident_system\public\views\admin\manage_users.php on line 4
[25-Feb-2026 17:27:50 Europe/Berlin] PHP Notice:  session_start(): Ignoring session_start() because a session is already active in C:\xampp\htdocs\estate_incident_system\public\views\admin\manage_users.php on line 4
[25-Feb-2026 17:27:56 Europe/Berlin] PHP Notice:  session_start(): Ignoring session_start() because a session is already active in C:\xampp\htdocs\estate_incident_system\public\views\admin\contractors.php on line 4
[25-Feb-2026 17:28:01 Europe/Berlin] PHP Notice:  session_start(): Ignoring session_start() because a session is already active in C:\xampp\htdocs\estate_incident_system\public\views\admin\dashboard.php on line 4
[25-Feb-2026 17:28:08 Europe/Berlin] PHP Notice:  session_start(): Ignoring session_start() because a session is already active in C:\xampp\htdocs\estate_incident_system\public\views\admin\dashboard.php on line 4
[25-Feb-2026 17:28:14 Europe/Berlin] PHP Notice:  session_start(): Ignoring session_start() because a session is already active in C:\xampp\htdocs\estate_incident_system\public\views\admin\dashboard.php on line 4
[25-Feb-2026 17:34:13 Europe/Berlin] PHP Notice:  session_start(): Ignoring session_start() because a session is already active in C:\xampp\htdocs\estate_incident_system\public\views\admin\dashboard.php on line 4
[25-Feb-2026 17:34:17 Europe/Berlin] PHP Notice:  session_start(): Ignoring session_start() because a session is already active in C:\xampp\htdocs\estate_incident_system\public\views\admin\analytics.php on line 4
[25-Feb-2026 17:34:19 Europe/Berlin] PHP Notice:  session_start(): Ignoring session_start() because a session is already active in C:\xampp\htdocs\estate_incident_system\public\views\admin\manage_users.php on line 4
[25-Feb-2026 17:34:29 Europe/Berlin] PHP Notice:  session_start(): Ignoring session_start() because a session is already active in C:\xampp\htdocs\estate_incident_system\public\views\admin\manage_users.php on line 4
[25-Feb-2026 17:34:54 Europe/Berlin] PHP Notice:  session_start(): Ignoring session_start() because a session is already active in C:\xampp\htdocs\estate_incident_system\public\views\admin\dashboard.php on line 4
[25-Feb-2026 17:34:58 Europe/Berlin] PHP Notice:  session_start(): Ignoring session_start() because a session is already active in C:\xampp\htdocs\estate_incident_system\public\views\admin\manage_users.php on line 4
[25-Feb-2026 17:35:06 Europe/Berlin] PHP Notice:  session_start(): Ignoring session_start() because a session is already active in C:\xampp\htdocs\estate_incident_system\public\views\admin\manage_users.php on line 4
[25-Feb-2026 17:35:09 Europe/Berlin] PHP Notice:  session_start(): Ignoring session_start() because a session is already active in C:\xampp\htdocs\estate_incident_system\public\views\admin\manage_users.php on line 4
[25-Feb-2026 17:35:34 Europe/Berlin] PHP Notice:  session_start(): Ignoring session_start() because a session is already active in C:\xampp\htdocs\estate_incident_system\public\views\admin\manage_users.php on line 4
[25-Feb-2026 17:38:27 Europe/Berlin] PHP Notice:  session_start(): Ignoring session_start() because a session is already active in C:\xampp\htdocs\estate_incident_system\public\views\admin\manage_users.php on line 4
[25-Feb-2026 17:39:01 Europe/Berlin] PHP Notice:  session_start(): Ignoring session_start() because a session is already active in C:\xampp\htdocs\estate_incident_system\public\views\admin\manage_users.php on line 4
[25-Feb-2026 17:39:03 Europe/Berlin] PHP Notice:  session_start(): Ignoring session_start() because a session is already active in C:\xampp\htdocs\estate_incident_system\public\views\admin\dashboard.php on line 4
[25-Feb-2026 17:43:56 Europe/Berlin] PHP Notice:  session_start(): Ignoring session_start() because a session is already active in C:\xampp\htdocs\estate_incident_system\public\views\admin\dashboard.php on line 4
[25-Feb-2026 17:44:08 Europe/Berlin] PHP Notice:  session_start(): Ignoring session_start() because a session is already active in C:\xampp\htdocs\estate_incident_system\public\views\admin\contractors.php on line 4
[25-Feb-2026 17:44:11 Europe/Berlin] PHP Notice:  session_start(): Ignoring session_start() because a session is already active in C:\xampp\htdocs\estate_incident_system\public\views\admin\analytics.php on line 4
[25-Feb-2026 17:44:18 Europe/Berlin] PHP Notice:  session_start(): Ignoring session_start() because a session is already active in C:\xampp\htdocs\estate_incident_system\public\views\admin\dashboard.php on line 4
[25-Feb-2026 17:44:20 Europe/Berlin] PHP Notice:  session_start(): Ignoring session_start() because a session is already active in C:\xampp\htdocs\estate_incident_system\public\views\admin\manage_users.php on line 4
[25-Feb-2026 17:44:34 Europe/Berlin] PHP Notice:  session_start(): Ignoring session_start() because a session is already active in C:\xampp\htdocs\estate_incident_system\public\views\admin\dashboard.php on line 4
[25-Feb-2026 17:44:40 Europe/Berlin] PHP Notice:  session_start(): Ignoring session_start() because a session is already active in C:\xampp\htdocs\estate_incident_system\public\views\admin\dashboard.php on line 4
[25-Feb-2026 17:44:44 Europe/Berlin] PHP Notice:  session_start(): Ignoring session_start() because a session is already active in C:\xampp\htdocs\estate_incident_system\public\views\admin\dashboard.php on line 4
[25-Feb-2026 17:44:53 Europe/Berlin] PHP Notice:  session_start(): Ignoring session_start() because a session is already active in C:\xampp\htdocs\estate_incident_system\public\views\admin\contractors.php on line 4
[25-Feb-2026 17:44:59 Europe/Berlin] PHP Notice:  session_start(): Ignoring session_start() because a session is already active in C:\xampp\htdocs\estate_incident_system\public\views\admin\contractors.php on line 4
[25-Feb-2026 17:45:04 Europe/Berlin] PHP Notice:  session_start(): Ignoring session_start() because a session is already active in C:\xampp\htdocs\estate_incident_system\public\views\admin\contractors.php on line 4
[25-Feb-2026 17:45:35 Europe/Berlin] PHP Warning:  Undefined array key "name" in C:\xampp\htdocs\estate_incident_system\action\resend_alert_action.php on line 39
[01-Mar-2026 11:40:55 Europe/Berlin] PHP Notice:  session_start(): Ignoring session_start() because a session is already active in C:\xampp\htdocs\estate_incident_system\public\views\admin\dashboard.php on line 4
[01-Mar-2026 11:42:54 Europe/Berlin] PHP Notice:  session_start(): Ignoring session_start() because a session is already active in C:\xampp\htdocs\estate_incident_system\public\views\admin\dashboard.php on line 4
[01-Mar-2026 12:51:43 Europe/Berlin] PHP Notice:  session_start(): Ignoring session_start() because a session is already active in C:\xampp\htdocs\estate_incident_system\public\views\admin\dashboard.php on line 4
[01-Mar-2026 13:07:54 Europe/Berlin] PHP Notice:  session_start(): Ignoring session_start() because a session is already active in C:\xampp\htdocs\estate_incident_system\public\views\admin\dashboard.php on line 4
[01-Mar-2026 13:08:09 Europe/Berlin] PHP Notice:  session_start(): Ignoring session_start() because a session is already active in C:\xampp\htdocs\estate_incident_system\public\views\admin\dashboard.php on line 4
[01-Mar-2026 13:09:37 Europe/Berlin] PHP Notice:  session_start(): Ignoring session_start() because a session is already active in C:\xampp\htdocs\estate_incident_system\public\views\admin\dashboard.php on line 4
[01-Mar-2026 13:10:55 Europe/Berlin] PHP Notice:  session_start(): Ignoring session_start() because a session is already active in C:\xampp\htdocs\estate_incident_system\public\views\admin\dashboard.php on line 4
[01-Mar-2026 13:11:04 Europe/Berlin] PHP Notice:  session_start(): Ignoring session_start() because a session is already active in C:\xampp\htdocs\estate_incident_system\public\views\admin\delete_case.php on line 4
[01-Mar-2026 13:11:04 Europe/Berlin] PHP Notice:  session_start(): Ignoring session_start() because a session is already active in C:\xampp\htdocs\estate_incident_system\public\views\admin\dashboard.php on line 4
[01-Mar-2026 13:11:26 Europe/Berlin] PHP Notice:  session_start(): Ignoring session_start() because a session is already active in C:\xampp\htdocs\estate_incident_system\public\views\admin\dashboard.php on line 4
[01-Mar-2026 13:11:29 Europe/Berlin] PHP Notice:  session_start(): Ignoring session_start() because a session is already active in C:\xampp\htdocs\estate_incident_system\public\views\admin\dashboard.php on line 4
[01-Mar-2026 13:11:31 Europe/Berlin] PHP Notice:  session_start(): Ignoring session_start() because a session is already active in C:\xampp\htdocs\estate_incident_system\public\views\admin\dashboard.php on line 4
[01-Mar-2026 13:24:32 Europe/Berlin] PHP Fatal error:  Cannot redeclare app_log() (previously declared in C:\xampp\htdocs\estate_incident_system\app\security.php:5) in C:\xampp\htdocs\estate_incident_system\app\security.php on line 9
[01-Mar-2026 13:26:15 Europe/Berlin] PHP Notice:  session_start(): Ignoring session_start() because a session is already active in C:\xampp\htdocs\estate_incident_system\public\views\residents\edit_report.php on line 7
[01-Mar-2026 13:26:28 Europe/Berlin] PHP Warning:  Undefined array key "name" in C:\xampp\htdocs\estate_incident_system\action\resend_alert_action.php on line 39
[01-Mar-2026 13:33:56 Europe/Berlin] PHP Notice:  session_start(): Ignoring session_start() because a session is already active in C:\xampp\htdocs\estate_incident_system\public\views\residents\feedback.php on line 7
[01-Mar-2026 13:39:07 Europe/Berlin] PHP Notice:  session_start(): Ignoring session_start() because a session is already active in C:\xampp\htdocs\estate_incident_system\public\views\residents\feedback.php on line 7
[01-Mar-2026 13:39:28 Europe/Berlin] PHP Notice:  session_start(): Ignoring session_start() because a session is already active in C:\xampp\htdocs\estate_incident_system\public\views\admin\dashboard.php on line 4
[01-Mar-2026 14:16:48 Europe/Berlin] PHP Notice:  session_start(): Ignoring session_start() because a session is already active in C:\xampp\htdocs\estate_incident_system\public\views\admin\dashboard.php on line 4
[01-Mar-2026 14:17:01 Europe/Berlin] PHP Notice:  session_start(): Ignoring session_start() because a session is already active in C:\xampp\htdocs\estate_incident_system\public\views\admin\manage_users.php on line 4
[01-Mar-2026 14:17:04 Europe/Berlin] PHP Notice:  session_start(): Ignoring session_start() because a session is already active in C:\xampp\htdocs\estate_incident_system\public\views\admin\analytics.php on line 4
[01-Mar-2026 14:17:13 Europe/Berlin] PHP Notice:  session_start(): Ignoring session_start() because a session is already active in C:\xampp\htdocs\estate_incident_system\public\views\admin\contractors.php on line 4
[01-Mar-2026 14:17:18 Europe/Berlin] PHP Notice:  session_start(): Ignoring session_start() because a session is already active in C:\xampp\htdocs\estate_incident_system\public\views\admin\dashboard.php on line 4
[02-Mar-2026 10:03:33 Europe/Berlin] PHP Notice:  session_start(): Ignoring session_start() because a session is already active in C:\xampp\htdocs\estate_incident_system\public\views\admin\dashboard.php on line 4
[02-Mar-2026 10:07:06 Europe/Berlin] PHP Notice:  session_start(): Ignoring session_start() because a session is already active in C:\xampp\htdocs\estate_incident_system\public\views\admin\analytics.php on line 4
[02-Mar-2026 10:07:13 Europe/Berlin] PHP Notice:  session_start(): Ignoring session_start() because a session is already active in C:\xampp\htdocs\estate_incident_system\public\views\admin\manage_users.php on line 4
[03-Mar-2026 12:28:26 Europe/Berlin] PHP Notice:  session_start(): Ignoring session_start() because a session is already active in C:\xampp\htdocs\estate_incident_system\public\views\residents\edit_report.php on line 7
[03-Mar-2026 12:29:17 Europe/Berlin] PHP Notice:  session_start(): Ignoring session_start() because a session is already active in C:\xampp\htdocs\estate_incident_system\public\views\admin\dashboard.php on line 4
[03-Mar-2026 12:29:27 Europe/Berlin] PHP Notice:  session_start(): Ignoring session_start() because a session is already active in C:\xampp\htdocs\estate_incident_system\public\views\admin\manage_users.php on line 4
[03-Mar-2026 12:29:31 Europe/Berlin] PHP Notice:  session_start(): Ignoring session_start() because a session is already active in C:\xampp\htdocs\estate_incident_system\public\views\admin\manage_users.php on line 4
[03-Mar-2026 12:29:33 Europe/Berlin] PHP Notice:  session_start(): Ignoring session_start() because a session is already active in C:\xampp\htdocs\estate_incident_system\public\views\admin\analytics.php on line 4
[03-Mar-2026 12:29:42 Europe/Berlin] PHP Notice:  session_start(): Ignoring session_start() because a session is already active in C:\xampp\htdocs\estate_incident_system\public\views\admin\contractors.php on line 4
[03-Mar-2026 12:30:16 Europe/Berlin] PHP Notice:  session_start(): Ignoring session_start() because a session is already active in C:\xampp\htdocs\estate_incident_system\public\views\admin\dashboard.php on line 4
[03-Mar-2026 13:52:02 Europe/Berlin] PHP Notice:  session_start(): Ignoring session_start() because a session is already active in C:\xampp\htdocs\estate_incident_system\public\views\residents\edit_report.php on line 7
[03-Mar-2026 13:52:17 Europe/Berlin] PHP Notice:  session_start(): Ignoring session_start() because a session is already active in C:\xampp\htdocs\estate_incident_system\public\views\residents\edit_report.php on line 7
[03-Mar-2026 14:04:03 Europe/Berlin] PHP Notice:  session_start(): Ignoring session_start() because a session is already active in C:\xampp\htdocs\estate_incident_system\public\views\admin\dashboard.php on line 4
[03-Mar-2026 14:04:46 Europe/Berlin] PHP Notice:  session_start(): Ignoring session_start() because a session is already active in C:\xampp\htdocs\estate_incident_system\public\views\admin\dashboard.php on line 4
[03-Mar-2026 14:04:53 Europe/Berlin] PHP Notice:  session_start(): Ignoring session_start() because a session is already active in C:\xampp\htdocs\estate_incident_system\public\views\admin\manage_users.php on line 4
[03-Mar-2026 14:05:18 Europe/Berlin] PHP Notice:  session_start(): Ignoring session_start() because a session is already active in C:\xampp\htdocs\estate_incident_system\public\views\admin\analytics.php on line 4
[03-Mar-2026 14:05:46 Europe/Berlin] PHP Notice:  session_start(): Ignoring session_start() because a session is already active in C:\xampp\htdocs\estate_incident_system\public\views\admin\contractors.php on line 4
[03-Mar-2026 14:06:03 Europe/Berlin] PHP Notice:  session_start(): Ignoring session_start() because a session is already active in C:\xampp\htdocs\estate_incident_system\public\views\admin\dashboard.php on line 4
[03-Mar-2026 14:06:09 Europe/Berlin] PHP Notice:  session_start(): Ignoring session_start() because a session is already active in C:\xampp\htdocs\estate_incident_system\public\views\admin\contractors.php on line 4
[03-Mar-2026 14:06:15 Europe/Berlin] PHP Notice:  session_start(): Ignoring session_start() because a session is already active in C:\xampp\htdocs\estate_incident_system\public\views\admin\contractors.php on line 4
[03-Mar-2026 14:06:21 Europe/Berlin] PHP Notice:  session_start(): Ignoring session_start() because a session is already active in C:\xampp\htdocs\estate_incident_system\public\views\admin\contractors.php on line 4
[03-Mar-2026 18:02:29 Europe/Berlin] PHP Notice:  session_start(): Ignoring session_start() because a session is already active in C:\xampp\htdocs\estate_incident_system\public\views\admin\contractors.php on line 4
[03-Mar-2026 18:44:40 Europe/Berlin] PHP Notice:  session_start(): Ignoring session_start() because a session is already active in C:\xampp\htdocs\estate_incident_system\public\views\admin\dashboard.php on line 4
[03-Mar-2026 18:44:45 Europe/Berlin] PHP Notice:  session_start(): Ignoring session_start() because a session is already active in C:\xampp\htdocs\estate_incident_system\public\views\admin\manage_users.php on line 4
[03-Mar-2026 18:44:48 Europe/Berlin] PHP Notice:  session_start(): Ignoring session_start() because a session is already active in C:\xampp\htdocs\estate_incident_system\public\views\admin\analytics.php on line 4
[03-Mar-2026 18:45:00 Europe/Berlin] PHP Notice:  session_start(): Ignoring session_start() because a session is already active in C:\xampp\htdocs\estate_incident_system\public\views\admin\contractors.php on line 4
[03-Mar-2026 18:45:07 Europe/Berlin] PHP Notice:  session_start(): Ignoring session_start() because a session is already active in C:\xampp\htdocs\estate_incident_system\public\views\admin\dashboard.php on line 4
[03-Mar-2026 18:45:15 Europe/Berlin] PHP Notice:  session_start(): Ignoring session_start() because a session is already active in C:\xampp\htdocs\estate_incident_system\public\views\admin\dashboard.php on line 4
[03-Mar-2026 18:45:20 Europe/Berlin] PHP Notice:  session_start(): Ignoring session_start() because a session is already active in C:\xampp\htdocs\estate_incident_system\public\views\admin\dashboard.php on line 4
[04-Mar-2026 10:48:51 Europe/Berlin] PHP Notice:  session_start(): Ignoring session_start() because a session is already active in C:\xampp\htdocs\estate_incident_system\public\views\residents\edit_report.php on line 7
[04-Mar-2026 10:49:35 Europe/Berlin] PHP Notice:  session_start(): Ignoring session_start() because a session is already active in C:\xampp\htdocs\estate_incident_system\public\views\admin\dashboard.php on line 4
[04-Mar-2026 10:49:52 Europe/Berlin] PHP Notice:  session_start(): Ignoring session_start() because a session is already active in C:\xampp\htdocs\estate_incident_system\public\views\admin\dashboard.php on line 4
[04-Mar-2026 10:49:56 Europe/Berlin] PHP Notice:  session_start(): Ignoring session_start() because a session is already active in C:\xampp\htdocs\estate_incident_system\public\views\admin\dashboard.php on line 4
[04-Mar-2026 10:52:04 Europe/Berlin] PHP Notice:  session_start(): Ignoring session_start() because a session is already active in C:\xampp\htdocs\estate_incident_system\public\views\admin\analytics.php on line 4
[10-Mar-2026 15:53:18 Europe/Berlin] PHP Notice:  session_start(): Ignoring session_start() because a session is already active in C:\xampp\htdocs\estate_incident_system\public\views\admin\dashboard.php on line 4
[10-Mar-2026 15:53:29 Europe/Berlin] PHP Notice:  session_start(): Ignoring session_start() because a session is already active in C:\xampp\htdocs\estate_incident_system\public\views\admin\analytics.php on line 4
[10-Mar-2026 15:53:51 Europe/Berlin] PHP Notice:  session_start(): Ignoring session_start() because a session is already active in C:\xampp\htdocs\estate_incident_system\public\views\admin\analytics.php on line 4
[10-Mar-2026 15:53:53 Europe/Berlin] PHP Notice:  session_start(): Ignoring session_start() because a session is already active in C:\xampp\htdocs\estate_incident_system\public\views\admin\manage_users.php on line 4
[10-Mar-2026 15:59:34 Europe/Berlin] PHP Notice:  session_start(): Ignoring session_start() because a session is already active in C:\xampp\htdocs\estate_incident_system\public\views\admin\dashboard.php on line 4
[10-Mar-2026 15:59:43 Europe/Berlin] PHP Notice:  session_start(): Ignoring session_start() because a session is already active in C:\xampp\htdocs\estate_incident_system\public\views\admin\contractors.php on line 4
[10-Mar-2026 15:59:50 Europe/Berlin] PHP Notice:  session_start(): Ignoring session_start() because a session is already active in C:\xampp\htdocs\estate_incident_system\public\views\admin\contractors.php on line 4
[10-Mar-2026 15:59:55 Europe/Berlin] PHP Notice:  session_start(): Ignoring session_start() because a session is already active in C:\xampp\htdocs\estate_incident_system\public\views\admin\contractors.php on line 4
[10-Mar-2026 21:50:37 Europe/Berlin] PHP Notice:  session_start(): Ignoring session_start() because a session is already active in C:\xampp\htdocs\estate_incident_system\public\views\admin\dashboard.php on line 4
[11-Mar-2026 04:48:48 Europe/Berlin] PHP Notice:  session_start(): Ignoring session_start() because a session is already active in C:\xampp\htdocs\estate_incident_system\public\views\admin\dashboard.php on line 4
[11-Mar-2026 05:18:04 Europe/Berlin] PHP Notice:  session_start(): Ignoring session_start() because a session is already active in C:\xampp\htdocs\estate_incident_system\public\views\residents\edit_report.php on line 7
[11-Mar-2026 05:19:42 Europe/Berlin] PHP Warning:  Undefined array key "name" in C:\xampp\htdocs\estate_incident_system\action\resend_alert_action.php on line 39
[11-Mar-2026 05:33:30 Europe/Berlin] PHP Notice:  session_start(): Ignoring session_start() because a session is already active in C:\xampp\htdocs\estate_incident_system\public\views\residents\feedback.php on line 7
[11-Mar-2026 07:04:12 Europe/Berlin] PHP Notice:  session_start(): Ignoring session_start() because a session is already active in C:\xampp\htdocs\estate_incident_system\public\views\admin\dashboard.php on line 4
[11-Mar-2026 07:04:15 Europe/Berlin] PHP Notice:  session_start(): Ignoring session_start() because a session is already active in C:\xampp\htdocs\estate_incident_system\public\views\admin\manage_users.php on line 4
[11-Mar-2026 07:04:29 Europe/Berlin] PHP Notice:  session_start(): Ignoring session_start() because a session is already active in C:\xampp\htdocs\estate_incident_system\public\views\admin\manage_users.php on line 4
[12-Mar-2026 20:05:27 Europe/Berlin] PHP Notice:  session_start(): Ignoring session_start() because a session is already active in C:\xampp\htdocs\estate_incident_system\public\views\admin\dashboard.php on line 4
[12-Mar-2026 20:05:39 Europe/Berlin] PHP Notice:  session_start(): Ignoring session_start() because a session is already active in C:\xampp\htdocs\estate_incident_system\public\views\admin\manage_users.php on line 4
[12-Mar-2026 20:05:50 Europe/Berlin] PHP Notice:  session_start(): Ignoring session_start() because a session is already active in C:\xampp\htdocs\estate_incident_system\public\views\admin\contractors.php on line 4
[12-Mar-2026 20:05:59 Europe/Berlin] PHP Notice:  session_start(): Ignoring session_start() because a session is already active in C:\xampp\htdocs\estate_incident_system\public\views\admin\analytics.php on line 4
[12-Mar-2026 20:06:02 Europe/Berlin] PHP Notice:  session_start(): Ignoring session_start() because a session is already active in C:\xampp\htdocs\estate_incident_system\public\views\admin\manage_users.php on line 4
[12-Mar-2026 20:06:07 Europe/Berlin] PHP Notice:  session_start(): Ignoring session_start() because a session is already active in C:\xampp\htdocs\estate_incident_system\public\views\admin\dashboard.php on line 4
[12-Mar-2026 20:10:54 Europe/Berlin] PHP Notice:  session_start(): Ignoring session_start() because a session is already active in C:\xampp\htdocs\estate_incident_system\public\views\admin\dashboard.php on line 4
[12-Mar-2026 20:12:31 Europe/Berlin] PHP Notice:  session_start(): Ignoring session_start() because a session is already active in C:\xampp\htdocs\estate_incident_system\public\views\admin\dashboard.php on line 4
[12-Mar-2026 20:31:10 Europe/Berlin] PHP Notice:  session_start(): Ignoring session_start() because a session is already active in C:\xampp\htdocs\estate_incident_system\public\views\admin\dashboard.php on line 4
[12-Mar-2026 20:31:10 Europe/Berlin] Unauthorized admin dashboard access attempt from IP: ::1
[12-Mar-2026 20:31:49 Europe/Berlin] PHP Notice:  session_start(): Ignoring session_start() because a session is already active in C:\xampp\htdocs\estate_incident_system\public\views\admin\dashboard.php on line 4
[12-Mar-2026 20:31:49 Europe/Berlin] Unauthorized admin dashboard access attempt from IP: ::1
[12-Mar-2026 20:51:50 Europe/Berlin] PHP Notice:  session_start(): Ignoring session_start() because a session is already active in C:\xampp\htdocs\estate_incident_system\public\views\admin\dashboard.php on line 4
[12-Mar-2026 20:52:23 Europe/Berlin] PHP Notice:  session_start(): Ignoring session_start() because a session is already active in C:\xampp\htdocs\estate_incident_system\public\views\admin\contractors.php on line 4
[12-Mar-2026 21:26:56 Europe/Berlin] PHP Notice:  session_start(): Ignoring session_start() because a session is already active in C:\xampp\htdocs\estate_incident_system\public\views\residents\feedback.php on line 7
[12-Mar-2026 21:27:28 Europe/Berlin] PHP Notice:  session_start(): Ignoring session_start() because a session is already active in C:\xampp\htdocs\estate_incident_system\public\views\residents\feedback.php on line 7
[12-Mar-2026 21:28:02 Europe/Berlin] PHP Notice:  session_start(): Ignoring session_start() because a session is already active in C:\xampp\htdocs\estate_incident_system\public\views\admin\dashboard.php on line 4
[12-Mar-2026 21:28:16 Europe/Berlin] PHP Notice:  session_start(): Ignoring session_start() because a session is already active in C:\xampp\htdocs\estate_incident_system\public\views\admin\manage_users.php on line 4
[12-Mar-2026 21:28:23 Europe/Berlin] PHP Notice:  session_start(): Ignoring session_start() because a session is already active in C:\xampp\htdocs\estate_incident_system\public\views\admin\dashboard.php on line 4
[12-Mar-2026 21:31:31 Europe/Berlin] PHP Notice:  session_start(): Ignoring session_start() because a session is already active in C:\xampp\htdocs\estate_incident_system\public\views\admin\dashboard.php on line 4
[12-Mar-2026 21:32:19 Europe/Berlin] PHP Notice:  session_start(): Ignoring session_start() because a session is already active in C:\xampp\htdocs\estate_incident_system\public\views\residents\feedback.php on line 7
[12-Mar-2026 21:32:43 Europe/Berlin] PHP Notice:  session_start(): Ignoring session_start() because a session is already active in C:\xampp\htdocs\estate_incident_system\public\views\residents\feedback.php on line 7
[12-Mar-2026 21:33:33 Europe/Berlin] PHP Notice:  session_start(): Ignoring session_start() because a session is already active in C:\xampp\htdocs\estate_incident_system\public\views\admin\dashboard.php on line 4
[12-Mar-2026 21:33:37 Europe/Berlin] PHP Notice:  session_start(): Ignoring session_start() because a session is already active in C:\xampp\htdocs\estate_incident_system\public\views\admin\dashboard.php on line 4
[12-Mar-2026 21:37:30 Europe/Berlin] PHP Notice:  session_start(): Ignoring session_start() because a session is already active in C:\xampp\htdocs\estate_incident_system\public\views\admin\dashboard.php on line 4
[12-Mar-2026 21:40:09 Europe/Berlin] PHP Notice:  session_start(): Ignoring session_start() because a session is already active in C:\xampp\htdocs\estate_incident_system\public\views\admin\dashboard.php on line 4
[12-Mar-2026 21:44:49 Europe/Berlin] PHP Notice:  session_start(): Ignoring session_start() because a session is already active in C:\xampp\htdocs\estate_incident_system\public\views\admin\dashboard.php on line 4
[12-Mar-2026 21:46:04 Europe/Berlin] PHP Notice:  session_start(): Ignoring session_start() because a session is already active in C:\xampp\htdocs\estate_incident_system\public\views\admin\contractors.php on line 4
[12-Mar-2026 21:46:14 Europe/Berlin] PHP Notice:  session_start(): Ignoring session_start() because a session is already active in C:\xampp\htdocs\estate_incident_system\public\views\admin\manage_users.php on line 4
[12-Mar-2026 21:46:15 Europe/Berlin] PHP Notice:  session_start(): Ignoring session_start() because a session is already active in C:\xampp\htdocs\estate_incident_system\public\views\admin\analytics.php on line 4
[13-Mar-2026 07:06:30 Europe/Berlin] PHP Notice:  session_start(): Ignoring session_start() because a session is already active in C:\xampp\htdocs\estate_incident_system\public\views\admin\dashboard.php on line 4
[13-Mar-2026 07:06:35 Europe/Berlin] PHP Notice:  session_start(): Ignoring session_start() because a session is already active in C:\xampp\htdocs\estate_incident_system\public\views\admin\contractors.php on line 4
[13-Mar-2026 07:07:03 Europe/Berlin] PHP Notice:  session_start(): Ignoring session_start() because a session is already active in C:\xampp\htdocs\estate_incident_system\public\views\admin\analytics.php on line 4
[13-Mar-2026 07:07:05 Europe/Berlin] PHP Notice:  session_start(): Ignoring session_start() because a session is already active in C:\xampp\htdocs\estate_incident_system\public\views\admin\manage_users.php on line 4
[13-Mar-2026 07:07:15 Europe/Berlin] PHP Notice:  session_start(): Ignoring session_start() because a session is already active in C:\xampp\htdocs\estate_incident_system\public\views\admin\dashboard.php on line 4
[13-Mar-2026 07:07:27 Europe/Berlin] PHP Notice:  session_start(): Ignoring session_start() because a session is already active in C:\xampp\htdocs\estate_incident_system\public\views\admin\delete_case.php on line 4
[13-Mar-2026 07:07:27 Europe/Berlin] PHP Fatal error:  Uncaught PDOException: SQLSTATE[23000]: Integrity constraint violation: 1451 Cannot delete or update a parent row: a foreign key constraint fails (`estate_db`.`feedback`, CONSTRAINT `feedback_ibfk_1` FOREIGN KEY (`complaint_id`) REFERENCES `complaints` (`id`)) in C:\xampp\htdocs\estate_incident_system\public\views\admin\delete_case.php:15
Stack trace:
#0 C:\xampp\htdocs\estate_incident_system\public\views\admin\delete_case.php(15): PDOStatement->execute(Array)
#1 C:\xampp\htdocs\estate_incident_system\public\index.php(127): include('C:\\xampp\\htdocs...')
#2 {main}
  thrown in C:\xampp\htdocs\estate_incident_system\public\views\admin\delete_case.php on line 15
[13-Mar-2026 07:09:22 Europe/Berlin] PHP Notice:  session_start(): Ignoring session_start() because a session is already active in C:\xampp\htdocs\estate_incident_system\public\views\admin\dashboard.php on line 4
[13-Mar-2026 07:09:26 Europe/Berlin] PHP Notice:  session_start(): Ignoring session_start() because a session is already active in C:\xampp\htdocs\estate_incident_system\public\views\admin\dashboard.php on line 4
[13-Mar-2026 07:09:30 Europe/Berlin] PHP Notice:  session_start(): Ignoring session_start() because a session is already active in C:\xampp\htdocs\estate_incident_system\public\views\admin\delete_case.php on line 4
[13-Mar-2026 07:09:31 Europe/Berlin] Delete case error: SQLSTATE[23000]: Integrity constraint violation: 1451 Cannot delete or update a parent row: a foreign key constraint fails (`estate_db`.`feedback`, CONSTRAINT `feedback_ibfk_1` FOREIGN KEY (`complaint_id`) REFERENCES `complaints` (`id`))
[13-Mar-2026 07:09:31 Europe/Berlin] PHP Notice:  session_start(): Ignoring session_start() because a session is already active in C:\xampp\htdocs\estate_incident_system\public\views\admin\dashboard.php on line 4
[13-Mar-2026 07:17:31 Europe/Berlin] PHP Notice:  session_start(): Ignoring session_start() because a session is already active in C:\xampp\htdocs\estate_incident_system\public\views\admin\dashboard.php on line 4
[13-Mar-2026 07:17:37 Europe/Berlin] PHP Notice:  session_start(): Ignoring session_start() because a session is already active in C:\xampp\htdocs\estate_incident_system\public\views\admin\delete_case.php on line 4
[13-Mar-2026 07:17:37 Europe/Berlin] Delete case error: SQLSTATE[23000]: Integrity constraint violation: 1451 Cannot delete or update a parent row: a foreign key constraint fails (`estate_db`.`feedback`, CONSTRAINT `feedback_ibfk_1` FOREIGN KEY (`complaint_id`) REFERENCES `complaints` (`id`))
[13-Mar-2026 07:17:37 Europe/Berlin] PHP Notice:  session_start(): Ignoring session_start() because a session is already active in C:\xampp\htdocs\estate_incident_system\public\views\admin\dashboard.php on line 4
[13-Mar-2026 07:19:16 Europe/Berlin] PHP Notice:  session_start(): Ignoring session_start() because a session is already active in C:\xampp\htdocs\estate_incident_system\public\views\admin\dashboard.php on line 4
[13-Mar-2026 07:19:22 Europe/Berlin] PHP Notice:  session_start(): Ignoring session_start() because a session is already active in C:\xampp\htdocs\estate_incident_system\public\views\admin\delete_case.php on line 4
[13-Mar-2026 07:19:22 Europe/Berlin] PHP Notice:  session_start(): Ignoring session_start() because a session is already active in C:\xampp\htdocs\estate_incident_system\public\views\admin\dashboard.php on line 4
[13-Mar-2026 07:21:44 Europe/Berlin] PHP Notice:  session_start(): Ignoring session_start() because a session is already active in C:\xampp\htdocs\estate_incident_system\public\views\admin\dashboard.php on line 4
[13-Mar-2026 07:21:44 Europe/Berlin] Unauthorized admin dashboard access attempt from IP: ::1
[13-Mar-2026 07:25:25 Europe/Berlin] PHP Notice:  session_start(): Ignoring session_start() because a session is already active in C:\xampp\htdocs\estate_incident_system\public\views\admin\dashboard.php on line 4
[13-Mar-2026 07:25:25 Europe/Berlin] Unauthorized admin dashboard access attempt from IP: ::1
[13-Mar-2026 07:47:36 Europe/Berlin] PHP Notice:  session_start(): Ignoring session_start() because a session is already active in C:\xampp\htdocs\estate_incident_system\public\views\admin\dashboard.php on line 4
[13-Mar-2026 07:47:42 Europe/Berlin] PHP Notice:  session_start(): Ignoring session_start() because a session is already active in C:\xampp\htdocs\estate_incident_system\public\views\admin\dashboard.php on line 4
[13-Mar-2026 07:47:46 Europe/Berlin] PHP Notice:  session_start(): Ignoring session_start() because a session is already active in C:\xampp\htdocs\estate_incident_system\public\views\admin\dashboard.php on line 4
[13-Mar-2026 07:47:52 Europe/Berlin] PHP Notice:  session_start(): Ignoring session_start() because a session is already active in C:\xampp\htdocs\estate_incident_system\public\views\admin\contractors.php on line 4
[13-Mar-2026 07:47:55 Europe/Berlin] PHP Notice:  session_start(): Ignoring session_start() because a session is already active in C:\xampp\htdocs\estate_incident_system\public\views\admin\analytics.php on line 4
[13-Mar-2026 07:47:58 Europe/Berlin] PHP Notice:  session_start(): Ignoring session_start() because a session is already active in C:\xampp\htdocs\estate_incident_system\public\views\admin\manage_users.php on line 4
[13-Mar-2026 07:48:00 Europe/Berlin] PHP Notice:  session_start(): Ignoring session_start() because a session is already active in C:\xampp\htdocs\estate_incident_system\public\views\admin\manage_users.php on line 4
[13-Mar-2026 08:10:13 Europe/Berlin] PHP Notice:  session_start(): Ignoring session_start() because a session is already active in C:\xampp\htdocs\estate_incident_system\public\views\admin\dashboard.php on line 4
[13-Mar-2026 08:18:46 Europe/Berlin] PHP Notice:  session_start(): Ignoring session_start() because a session is already active in C:\xampp\htdocs\estate_incident_system\public\views\admin\dashboard.php on line 4
[13-Mar-2026 08:22:17 Europe/Berlin] PHP Notice:  session_start(): Ignoring session_start() because a session is already active in C:\xampp\htdocs\estate_incident_system\public\views\admin\analytics.php on line 4
[13-Mar-2026 08:22:18 Europe/Berlin] PHP Notice:  session_start(): Ignoring session_start() because a session is already active in C:\xampp\htdocs\estate_incident_system\public\views\admin\manage_users.php on line 4
[13-Mar-2026 08:22:21 Europe/Berlin] PHP Notice:  session_start(): Ignoring session_start() because a session is already active in C:\xampp\htdocs\estate_incident_system\public\views\admin\dashboard.php on line 4
[16-Mar-2026 10:18:46 Europe/Berlin] PHP Notice:  session_start(): Ignoring session_start() because a session is already active in C:\xampp\htdocs\estate_incident_system\public\views\admin\dashboard.php on line 4
[16-Mar-2026 10:18:56 Europe/Berlin] PHP Notice:  session_start(): Ignoring session_start() because a session is already active in C:\xampp\htdocs\estate_incident_system\public\views\admin\contractors.php on line 4
[16-Mar-2026 10:19:07 Europe/Berlin] PHP Notice:  session_start(): Ignoring session_start() because a session is already active in C:\xampp\htdocs\estate_incident_system\public\views\admin\analytics.php on line 4
[16-Mar-2026 10:19:10 Europe/Berlin] PHP Notice:  session_start(): Ignoring session_start() because a session is already active in C:\xampp\htdocs\estate_incident_system\public\views\admin\manage_users.php on line 4
[16-Mar-2026 10:19:22 Europe/Berlin] PHP Notice:  session_start(): Ignoring session_start() because a session is already active in C:\xampp\htdocs\estate_incident_system\public\views\admin\dashboard.php on line 4
[16-Mar-2026 10:21:57 Europe/Berlin] PHP Notice:  session_start(): Ignoring session_start() because a session is already active in C:\xampp\htdocs\estate_incident_system\public\views\residents\feedback.php on line 7
[16-Mar-2026 10:22:13 Europe/Berlin] PHP Notice:  session_start(): Ignoring session_start() because a session is already active in C:\xampp\htdocs\estate_incident_system\public\views\residents\feedback.php on line 7
[16-Mar-2026 10:22:59 Europe/Berlin] PHP Notice:  session_start(): Ignoring session_start() because a session is already active in C:\xampp\htdocs\estate_incident_system\public\views\admin\dashboard.php on line 4
[16-Mar-2026 11:03:02 Europe/Berlin] PHP Notice:  session_start(): Ignoring session_start() because a session is already active in C:\xampp\htdocs\estate_incident_system\public\views\admin\dashboard.php on line 4
[17-Mar-2026 13:48:32 Europe/Berlin] PHP Notice:  session_start(): Ignoring session_start() because a session is already active in C:\xampp\htdocs\estate_incident_system\public\views\admin\dashboard.php on line 4
[17-Mar-2026 13:48:42 Europe/Berlin] PHP Notice:  session_start(): Ignoring session_start() because a session is already active in C:\xampp\htdocs\estate_incident_system\public\views\admin\analytics.php on line 4
[17-Mar-2026 13:48:45 Europe/Berlin] PHP Notice:  session_start(): Ignoring session_start() because a session is already active in C:\xampp\htdocs\estate_incident_system\public\views\admin\manage_users.php on line 4
[18-Mar-2026 04:55:40 Europe/Berlin] PHP Notice:  session_start(): Ignoring session_start() because a session is already active in C:\xampp\htdocs\estate_incident_system\public\views\admin\dashboard.php on line 4
[18-Mar-2026 04:58:23 Europe/Berlin] PHP Notice:  session_start(): Ignoring session_start() because a session is already active in C:\xampp\htdocs\estate_incident_system\public\views\admin\contractors.php on line 4
[18-Mar-2026 04:58:27 Europe/Berlin] PHP Notice:  session_start(): Ignoring session_start() because a session is already active in C:\xampp\htdocs\estate_incident_system\public\views\admin\analytics.php on line 4
[18-Mar-2026 04:58:30 Europe/Berlin] PHP Notice:  session_start(): Ignoring session_start() because a session is already active in C:\xampp\htdocs\estate_incident_system\public\views\admin\manage_users.php on line 4
[18-Mar-2026 04:58:32 Europe/Berlin] PHP Notice:  session_start(): Ignoring session_start() because a session is already active in C:\xampp\htdocs\estate_incident_system\public\views\admin\dashboard.php on line 4
[18-Mar-2026 04:58:43 Europe/Berlin] PHP Notice:  session_start(): Ignoring session_start() because a session is already active in C:\xampp\htdocs\estate_incident_system\public\views\admin\contractors.php on line 4
[18-Mar-2026 04:58:52 Europe/Berlin] PHP Notice:  session_start(): Ignoring session_start() because a session is already active in C:\xampp\htdocs\estate_incident_system\public\views\admin\dashboard.php on line 4
[18-Mar-2026 04:59:02 Europe/Berlin] PHP Notice:  session_start(): Ignoring session_start() because a session is already active in C:\xampp\htdocs\estate_incident_system\public\views\admin\contractors.php on line 4
[18-Mar-2026 04:59:19 Europe/Berlin] PHP Notice:  session_start(): Ignoring session_start() because a session is already active in C:\xampp\htdocs\estate_incident_system\public\views\admin\analytics.php on line 4
[18-Mar-2026 06:33:37 Europe/Berlin] PHP Notice:  session_start(): Ignoring session_start() because a session is already active in C:\xampp\htdocs\estate_incident_system\public\views\admin\dashboard.php on line 4
[18-Mar-2026 14:07:59 Europe/Berlin] PHP Notice:  session_start(): Ignoring session_start() because a session is already active in C:\xampp\htdocs\estate_incident_system\public\views\admin\dashboard.php on line 4
[18-Mar-2026 14:08:05 Europe/Berlin] PHP Notice:  session_start(): Ignoring session_start() because a session is already active in C:\xampp\htdocs\estate_incident_system\public\views\admin\dashboard.php on line 4
[18-Mar-2026 14:08:08 Europe/Berlin] PHP Notice:  session_start(): Ignoring session_start() because a session is already active in C:\xampp\htdocs\estate_incident_system\public\views\admin\manage_users.php on line 4
[18-Mar-2026 14:08:10 Europe/Berlin] PHP Notice:  session_start(): Ignoring session_start() because a session is already active in C:\xampp\htdocs\estate_incident_system\public\views\admin\analytics.php on line 4
[18-Mar-2026 14:12:19 Europe/Berlin] PHP Notice:  session_start(): Ignoring session_start() because a session is already active in C:\xampp\htdocs\estate_incident_system\public\views\admin\analytics.php on line 4
[18-Mar-2026 14:12:26 Europe/Berlin] PHP Notice:  session_start(): Ignoring session_start() because a session is already active in C:\xampp\htdocs\estate_incident_system\public\views\admin\analytics.php on line 4
[18-Mar-2026 14:13:28 Europe/Berlin] PHP Notice:  session_start(): Ignoring session_start() because a session is already active in C:\xampp\htdocs\estate_incident_system\public\views\admin\analytics.php on line 4
[18-Mar-2026 14:45:33 Europe/Berlin] PHP Notice:  session_start(): Ignoring session_start() because a session is already active in C:\xampp\htdocs\estate_incident_system\public\views\admin\analytics.php on line 4
[18-Mar-2026 14:45:33 Europe/Berlin] PHP Warning:  Undefined array key "role" in C:\xampp\htdocs\estate_incident_system\public\views\admin\analytics.php on line 6
[18-Mar-2026 14:45:42 Europe/Berlin] PHP Notice:  session_start(): Ignoring session_start() because a session is already active in C:\xampp\htdocs\estate_incident_system\public\views\admin\dashboard.php on line 4
[18-Mar-2026 14:45:45 Europe/Berlin] PHP Notice:  session_start(): Ignoring session_start() because a session is already active in C:\xampp\htdocs\estate_incident_system\public\views\admin\analytics.php on line 4
[18-Mar-2026 14:46:17 Europe/Berlin] PHP Notice:  session_start(): Ignoring session_start() because a session is already active in C:\xampp\htdocs\estate_incident_system\public\views\admin\analytics.php on line 4
[18-Mar-2026 14:46:27 Europe/Berlin] PHP Notice:  session_start(): Ignoring session_start() because a session is already active in C:\xampp\htdocs\estate_incident_system\public\views\admin\analytics.php on line 4
[18-Mar-2026 14:47:19 Europe/Berlin] PHP Notice:  session_start(): Ignoring session_start() because a session is already active in C:\xampp\htdocs\estate_incident_system\public\views\admin\analytics.php on line 4
[18-Mar-2026 14:48:22 Europe/Berlin] PHP Notice:  session_start(): Ignoring session_start() because a session is already active in C:\xampp\htdocs\estate_incident_system\public\views\admin\analytics.php on line 4
[18-Mar-2026 14:49:05 Europe/Berlin] PHP Notice:  session_start(): Ignoring session_start() because a session is already active in C:\xampp\htdocs\estate_incident_system\public\views\admin\analytics.php on line 4
[18-Mar-2026 14:49:34 Europe/Berlin] PHP Notice:  session_start(): Ignoring session_start() because a session is already active in C:\xampp\htdocs\estate_incident_system\public\views\admin\analytics.php on line 4
[18-Mar-2026 14:50:02 Europe/Berlin] PHP Notice:  session_start(): Ignoring session_start() because a session is already active in C:\xampp\htdocs\estate_incident_system\public\views\admin\analytics.php on line 4
[23-Mar-2026 09:13:28 Europe/Berlin] PHP Notice:  session_start(): Ignoring session_start() because a session is already active in C:\xampp\htdocs\estate_incident_system\public\views\admin\dashboard.php on line 4
[23-Mar-2026 09:13:32 Europe/Berlin] PHP Notice:  session_start(): Ignoring session_start() because a session is already active in C:\xampp\htdocs\estate_incident_system\public\views\admin\dashboard.php on line 4
[23-Mar-2026 09:13:34 Europe/Berlin] PHP Notice:  session_start(): Ignoring session_start() because a session is already active in C:\xampp\htdocs\estate_incident_system\public\views\admin\manage_users.php on line 4
[23-Mar-2026 09:13:36 Europe/Berlin] PHP Notice:  session_start(): Ignoring session_start() because a session is already active in C:\xampp\htdocs\estate_incident_system\public\views\admin\manage_users.php on line 4
[23-Mar-2026 09:13:38 Europe/Berlin] PHP Notice:  session_start(): Ignoring session_start() because a session is already active in C:\xampp\htdocs\estate_incident_system\public\views\admin\analytics.php on line 4
[23-Mar-2026 09:14:01 Europe/Berlin] PHP Notice:  session_start(): Ignoring session_start() because a session is already active in C:\xampp\htdocs\estate_incident_system\public\views\admin\contractors.php on line 4
[23-Mar-2026 09:14:03 Europe/Berlin] PHP Notice:  session_start(): Ignoring session_start() because a session is already active in C:\xampp\htdocs\estate_incident_system\public\views\admin\analytics.php on line 4
[23-Mar-2026 09:14:06 Europe/Berlin] PHP Notice:  session_start(): Ignoring session_start() because a session is already active in C:\xampp\htdocs\estate_incident_system\public\views\admin\analytics.php on line 4
[23-Mar-2026 09:14:11 Europe/Berlin] PHP Notice:  session_start(): Ignoring session_start() because a session is already active in C:\xampp\htdocs\estate_incident_system\public\views\admin\manage_users.php on line 4
[23-Mar-2026 09:14:14 Europe/Berlin] PHP Notice:  session_start(): Ignoring session_start() because a session is already active in C:\xampp\htdocs\estate_incident_system\public\views\admin\manage_users.php on line 4
[23-Mar-2026 09:14:25 Europe/Berlin] PHP Notice:  session_start(): Ignoring session_start() because a session is already active in C:\xampp\htdocs\estate_incident_system\public\views\admin\dashboard.php on line 4
[23-Mar-2026 09:14:26 Europe/Berlin] PHP Notice:  session_start(): Ignoring session_start() because a session is already active in C:\xampp\htdocs\estate_incident_system\public\views\admin\manage_users.php on line 4
[23-Mar-2026 09:14:29 Europe/Berlin] PHP Notice:  session_start(): Ignoring session_start() because a session is already active in C:\xampp\htdocs\estate_incident_system\public\views\admin\analytics.php on line 4
[23-Mar-2026 09:17:53 Europe/Berlin] PHP Notice:  session_start(): Ignoring session_start() because a session is already active in C:\xampp\htdocs\estate_incident_system\public\views\admin\dashboard.php on line 4
[23-Mar-2026 09:17:55 Europe/Berlin] PHP Notice:  session_start(): Ignoring session_start() because a session is already active in C:\xampp\htdocs\estate_incident_system\public\views\admin\analytics.php on line 4
[23-Mar-2026 09:18:19 Europe/Berlin] PHP Warning:  Undefined array key "name" in C:\xampp\htdocs\estate_incident_system\action\resend_alert_action.php on line 39
[23-Mar-2026 09:18:44 Europe/Berlin] PHP Notice:  session_start(): Ignoring session_start() because a session is already active in C:\xampp\htdocs\estate_incident_system\public\views\admin\dashboard.php on line 4
[23-Mar-2026 09:18:54 Europe/Berlin] PHP Notice:  session_start(): Ignoring session_start() because a session is already active in C:\xampp\htdocs\estate_incident_system\public\views\admin\contractors.php on line 4
[23-Mar-2026 09:19:00 Europe/Berlin] PHP Notice:  session_start(): Ignoring session_start() because a session is already active in C:\xampp\htdocs\estate_incident_system\public\views\admin\contractors.php on line 4
[23-Mar-2026 09:19:02 Europe/Berlin] PHP Notice:  session_start(): Ignoring session_start() because a session is already active in C:\xampp\htdocs\estate_incident_system\public\views\admin\contractors.php on line 4
[23-Mar-2026 09:19:04 Europe/Berlin] PHP Notice:  session_start(): Ignoring session_start() because a session is already active in C:\xampp\htdocs\estate_incident_system\public\views\admin\manage_users.php on line 4
[23-Mar-2026 09:19:05 Europe/Berlin] PHP Notice:  session_start(): Ignoring session_start() because a session is already active in C:\xampp\htdocs\estate_incident_system\public\views\admin\dashboard.php on line 4
[23-Mar-2026 09:35:45 Europe/Berlin] PHP Notice:  session_start(): Ignoring session_start() because a session is already active in C:\xampp\htdocs\estate_incident_system\public\views\admin\dashboard.php on line 4
[23-Mar-2026 09:35:50 Europe/Berlin] PHP Notice:  session_start(): Ignoring session_start() because a session is already active in C:\xampp\htdocs\estate_incident_system\public\views\admin\analytics.php on line 4
[23-Mar-2026 14:56:05 Europe/Berlin] PHP Notice:  session_start(): Ignoring session_start() because a session is already active in C:\xampp\htdocs\estate_incident_system\public\views\admin\dashboard.php on line 4
[23-Mar-2026 14:56:43 Europe/Berlin] PHP Notice:  session_start(): Ignoring session_start() because a session is already active in C:\xampp\htdocs\estate_incident_system\public\views\admin\analytics.php on line 4
[24-Mar-2026 09:29:04 Europe/Berlin] PHP Notice:  session_start(): Ignoring session_start() because a session is already active in C:\xampp\htdocs\estate_incident_system\public\views\admin\dashboard.php on line 4
[24-Mar-2026 09:29:08 Europe/Berlin] PHP Notice:  session_start(): Ignoring session_start() because a session is already active in C:\xampp\htdocs\estate_incident_system\public\views\admin\dashboard.php on line 4
[24-Mar-2026 09:29:19 Europe/Berlin] PHP Notice:  session_start(): Ignoring session_start() because a session is already active in C:\xampp\htdocs\estate_incident_system\public\views\admin\contractors.php on line 4
[24-Mar-2026 09:29:25 Europe/Berlin] PHP Notice:  session_start(): Ignoring session_start() because a session is already active in C:\xampp\htdocs\estate_incident_system\public\views\admin\contractors.php on line 4
[24-Mar-2026 09:29:35 Europe/Berlin] PHP Notice:  session_start(): Ignoring session_start() because a session is already active in C:\xampp\htdocs\estate_incident_system\public\views\admin\contractors.php on line 4
[24-Mar-2026 09:29:39 Europe/Berlin] PHP Notice:  session_start(): Ignoring session_start() because a session is already active in C:\xampp\htdocs\estate_incident_system\public\views\admin\manage_users.php on line 4
[24-Mar-2026 09:29:47 Europe/Berlin] PHP Notice:  session_start(): Ignoring session_start() because a session is already active in C:\xampp\htdocs\estate_incident_system\public\views\admin\manage_users.php on line 4
[24-Mar-2026 09:29:48 Europe/Berlin] PHP Notice:  session_start(): Ignoring session_start() because a session is already active in C:\xampp\htdocs\estate_incident_system\public\views\admin\dashboard.php on line 4
[24-Mar-2026 09:30:25 Europe/Berlin] PHP Notice:  session_start(): Ignoring session_start() because a session is already active in C:\xampp\htdocs\estate_incident_system\public\views\admin\contractors.php on line 4
[24-Mar-2026 09:35:16 Europe/Berlin] PHP Notice:  session_start(): Ignoring session_start() because a session is already active in C:\xampp\htdocs\estate_incident_system\public\views\admin\dashboard.php on line 4
[24-Mar-2026 09:35:16 Europe/Berlin] Unauthorized admin dashboard access attempt from IP: ::1
[24-Mar-2026 09:36:06 Europe/Berlin] PHP Notice:  session_start(): Ignoring session_start() because a session is already active in C:\xampp\htdocs\estate_incident_system\public\views\admin\dashboard.php on line 4
[24-Mar-2026 09:36:09 Europe/Berlin] PHP Notice:  session_start(): Ignoring session_start() because a session is already active in C:\xampp\htdocs\estate_incident_system\public\views\admin\manage_users.php on line 4
[24-Mar-2026 09:45:04 Europe/Berlin] PHP Notice:  session_start(): Ignoring session_start() because a session is already active in C:\xampp\htdocs\estate_incident_system\public\views\admin\manage_users.php on line 4
[24-Mar-2026 09:46:27 Europe/Berlin] PHP Notice:  session_start(): Ignoring session_start() because a session is already active in C:\xampp\htdocs\estate_incident_system\public\views\admin\dashboard.php on line 4
[24-Mar-2026 09:46:32 Europe/Berlin] PHP Notice:  session_start(): Ignoring session_start() because a session is already active in C:\xampp\htdocs\estate_incident_system\public\views\admin\contractors.php on line 4
[24-Mar-2026 09:46:43 Europe/Berlin] PHP Notice:  session_start(): Ignoring session_start() because a session is already active in C:\xampp\htdocs\estate_incident_system\public\views\admin\contractors.php on line 4
[24-Mar-2026 09:46:49 Europe/Berlin] PHP Notice:  session_start(): Ignoring session_start() because a session is already active in C:\xampp\htdocs\estate_incident_system\public\views\admin\contractors.php on line 4
[24-Mar-2026 09:46:52 Europe/Berlin] PHP Notice:  session_start(): Ignoring session_start() because a session is already active in C:\xampp\htdocs\estate_incident_system\public\views\admin\dashboard.php on line 4
[24-Mar-2026 09:47:34 Europe/Berlin] PHP Notice:  session_start(): Ignoring session_start() because a session is already active in C:\xampp\htdocs\estate_incident_system\public\views\residents\feedback.php on line 7
[24-Mar-2026 09:47:47 Europe/Berlin] PHP Notice:  session_start(): Ignoring session_start() because a session is already active in C:\xampp\htdocs\estate_incident_system\public\views\residents\feedback.php on line 7
[24-Mar-2026 09:48:04 Europe/Berlin] PHP Notice:  session_start(): Ignoring session_start() because a session is already active in C:\xampp\htdocs\estate_incident_system\public\views\admin\dashboard.php on line 4
[24-Mar-2026 09:55:13 Europe/Berlin] PHP Notice:  session_start(): Ignoring session_start() because a session is already active in C:\xampp\htdocs\estate_incident_system\public\views\admin\dashboard.php on line 4
